Arguments: 
  /home/shakib/node_modules/node/bin/node /snap/node/7065/bin/yarn.js global dir

PATH: 
  /home/shakib/projects/chatbot/ChatbotPhone/node_modules/.bin:/home/shakib/projects/chatbot/ChatbotPhone/node_modules/.bin:/home/shakib/projects/chatbot/node_modules/.bin:/home/shakib/projects/node_modules/.bin:/home/shakib/node_modules/.bin:/home/node_modules/.bin:/node_modules/.bin:/home/shakib/.nvm/versions/node/v19.3.0/lib/node_modules/npm/node_modules/@npmcli/run-script/lib/node-gyp-bin:/home/shakib/.nvm/versions/node/v19.3.0/bin:/usr/local/sbin:/usr/local/bin:/usr/sbin:/usr/bin:/sbin:/bin:/usr/games:/usr/local/games:/snap/bin:/snap/bin

Yarn version: 
  1.22.19

Node version: 
  19.3.0

Platform: 
  linux x64

Trace: 
  Error: ../../../package.json: EACCES: permission denied, write
      at writeSync (node:fs:919:3)
      at SyncWriteStream._write (node:internal/fs/sync_write_stream:26:3)
      at writeOrBuffer (node:internal/streams/writable:392:12)
      at _write (node:internal/streams/writable:333:10)
      at Writable.write (node:internal/streams/writable:337:10)
      at ConsoleReporter.warn (/snap/node/7065/lib/cli.js:92855:17)
      at warn (/snap/node/7065/lib/cli.js:51326:23)
      at module.exports.exports.default (/snap/node/7065/lib/cli.js:37409:7)
      at /snap/node/7065/lib/cli.js:51337:51
      at Generator.next (<anonymous>)

npm manifest: 
  {
    "name": "chatbotphone",
    "version": "1.0.0",
    "main": "node_modules/expo/AppEntry.js",
    "scripts": {
      "start": "expo start",
      "android": "expo start --android",
      "ios": "expo start --ios",
      "web": "expo start --web"
    },
    "dependencies": {
      "expo": "~47.0.12",
      "expo-status-bar": "~1.4.2",
      "react": "18.1.0",
      "react-native": "0.70.5",
      "tailwindcss-react-native": "^1.7.10"
    },
    "devDependencies": {
      "@babel/core": "^7.12.9"
    },
    "private": true
  }

yarn manifest: 
  No manifest

Lockfile: 
  No lockfile
